  [1m[36m (19.0ms)[0m  [1mCREATE TABLE "schema_migrations" ("version" character varying(255) NOT NULL) [0m
  [1m[35m (3.4ms)[0m  CREATE UNIQUE INDEX  "unique_schema_migrations" ON "schema_migrations"  ("version")
  [1m[36mActiveRecord::SchemaMigration Load (0.5ms)[0m  [1mSELECT "schema_migrations".* FROM "schema_migrations"[0m
Migrating to CreateWhitecard (20140905004930)
  [1m[35m (0.1ms)[0m  BEGIN
  [1m[36m (0.1ms)[0m  [1mROLLBACK[0m
  [1m[36mActiveRecord::SchemaMigration Load (0.4ms)[0m  [1mSELECT "schema_migrations".* FROM "schema_migrations"[0m
Migrating to CreateWhitecard (20140905004930)
  [1m[35m (0.1ms)[0m  BEGIN
  [1m[36m (3.2ms)[0m  [1mCREATE TABLE "whitecards" ("id" serial primary key, "content" character varying(255), "created_at" timestamp, "updated_at" timestamp) [0m
  [1m[35mSQL (0.3ms)[0m  INSERT INTO "schema_migrations" ("version") VALUES ($1)  [["version", "20140905004930"]]
  [1m[36m (2.5ms)[0m  [1mCOMMIT[0m
Migrating to CreateBlackcard (20140905005236)
  [1m[35m (0.3ms)[0m  BEGIN
  [1m[36m (2.8ms)[0m  [1mCREATE TABLE "blackcards" ("id" serial primary key, "content" text, "created_at" timestamp, "updated_at" timestamp) [0m
  [1m[35mSQL (0.2ms)[0m  INSERT INTO "schema_migrations" ("version") VALUES ($1)  [["version", "20140905005236"]]
  [1m[36m (0.7ms)[0m  [1mCOMMIT[0m
Migrating to CreateUser (20140905005329)
  [1m[35m (0.2ms)[0m  BEGIN
  [1m[36m (2.6ms)[0m  [1mCREATE TABLE "users" ("id" serial primary key, "game_id" integer, "name" character varying(30) NOT NULL, "email" character varying(255), "password" character varying(255), "created_at" timestamp, "updated_at" timestamp) [0m
  [1m[35mSQL (0.2ms)[0m  INSERT INTO "schema_migrations" ("version") VALUES ($1)  [["version", "20140905005329"]]
  [1m[36m (0.5ms)[0m  [1mCOMMIT[0m
Migrating to CreateRound (20140905005517)
  [1m[35m (0.2ms)[0m  BEGIN
  [1m[36m (1.8ms)[0m  [1mCREATE TABLE "rounds" ("id" serial primary key, "game_id" integer, "leader_id" integer, "round_num" integer, "blackcard_id" integer) [0m
  [1m[35mSQL (0.2ms)[0m  INSERT INTO "schema_migrations" ("version") VALUES ($1)  [["version", "20140905005517"]]
  [1m[36m (0.5ms)[0m  [1mCOMMIT[0m
Migrating to CreateGame (20140905005821)
  [1m[35m (0.2ms)[0m  BEGIN
  [1m[36m (1.8ms)[0m  [1mCREATE TABLE "games" ("id" serial primary key, "name" character varying(30)) [0m
  [1m[35mSQL (0.2ms)[0m  INSERT INTO "schema_migrations" ("version") VALUES ($1)  [["version", "20140905005821"]]
  [1m[36m (0.4ms)[0m  [1mCOMMIT[0m
Migrating to CreateCardsInPlay (20140905042014)
  [1m[35m (0.2ms)[0m  BEGIN
  [1m[36m (1.9ms)[0m  [1mCREATE TABLE "cards_in_plays" ("id" serial primary key, "user_id" integer, "game_id" integer, "whitecard_id" integer, "playable" boolean DEFAULT 't', "created_at" timestamp, "updated_at" timestamp) [0m
  [1m[35mSQL (0.2ms)[0m  INSERT INTO "schema_migrations" ("version") VALUES ($1)  [["version", "20140905042014"]]
  [1m[36m (0.4ms)[0m  [1mCOMMIT[0m
Migrating to CreateSubmissions (20140905042020)
  [1m[35m (0.2ms)[0m  BEGIN
  [1m[36m (1.9ms)[0m  [1mCREATE TABLE "submissions" ("id" serial primary key, "round_id" integer, "cards_in_play_id" integer, "winner" boolean DEFAULT 'f') [0m
  [1m[35mSQL (0.2ms)[0m  INSERT INTO "schema_migrations" ("version") VALUES ($1)  [["version", "20140905042020"]]
  [1m[36m (0.6ms)[0m  [1mCOMMIT[0m
Migrating to CreateScores (20140905044433)
  [1m[35m (0.3ms)[0m  BEGIN
  [1m[36m (2.3ms)[0m  [1mCREATE TABLE "scores" ("id" serial primary key, "user_id" integer, "game_id" integer) [0m
  [1m[35mSQL (0.1ms)[0m  INSERT INTO "schema_migrations" ("version") VALUES ($1)  [["version", "20140905044433"]]
  [1m[36m (0.5ms)[0m  [1mCOMMIT[0m
  [1m[35mActiveRecord::SchemaMigration Load (0.2ms)[0m  SELECT "schema_migrations".* FROM "schema_migrations"
  [1m[36m (0.2ms)[0m  [1mBEGIN[0m
  [1m[35mSQL (0.6ms)[0m  INSERT INTO "games" ("name") VALUES ($1) RETURNING "id"  [["name", "New Game"]]
  [1m[36m (0.9ms)[0m  [1mCOMMIT[0m
  [1m[35m (0.1ms)[0m  BEGIN
  [1m[36mSQL (0.6ms)[0m  [1mINSERT INTO "users" ("created_at", "name", "updated_at") VALUES ($1, $2, $3) RETURNING "id"[0m  [["created_at", "2014-09-05 05:34:14.711959"], ["name", "Pat"], ["updated_at", "2014-09-05 05:34:14.711959"]]
  [1m[35m (0.9ms)[0m  COMMIT
  [1m[36m (0.1ms)[0m  [1mBEGIN[0m
  [1m[35mSQL (0.5ms)[0m  INSERT INTO "rounds" ("leader_id") VALUES ($1) RETURNING "id"  [["leader_id", 1]]
  [1m[36m (1.1ms)[0m  [1mCOMMIT[0m
  [1m[36m (45.2ms)[0m  [1mCREATE TABLE "schema_migrations" ("version" character varying(255) NOT NULL) [0m
  [1m[35m (107.8ms)[0m  CREATE UNIQUE INDEX  "unique_schema_migrations" ON "schema_migrations"  ("version")
  [1m[36mActiveRecord::SchemaMigration Load (0.6ms)[0m  [1mSELECT "schema_migrations".* FROM "schema_migrations"[0m
Migrating to CreateWhitecard (20140905004930)
  [1m[35m (0.1ms)[0m  BEGIN
  [1m[36m (2.7ms)[0m  [1mCREATE TABLE "whitecards" ("id" serial primary key, "content" character varying(255), "created_at" timestamp, "updated_at" timestamp) [0m
  [1m[35mSQL (0.3ms)[0m  INSERT INTO "schema_migrations" ("version") VALUES ($1)  [["version", "20140905004930"]]
  [1m[36m (0.4ms)[0m  [1mCOMMIT[0m
Migrating to CreateBlackcard (20140905005236)
  [1m[35m (0.2ms)[0m  BEGIN
  [1m[36m (3.1ms)[0m  [1mCREATE TABLE "blackcards" ("id" serial primary key, "content" text, "created_at" timestamp, "updated_at" timestamp) [0m
  [1m[35mSQL (0.2ms)[0m  INSERT INTO "schema_migrations" ("version") VALUES ($1)  [["version", "20140905005236"]]
  [1m[36m (0.6ms)[0m  [1mCOMMIT[0m
Migrating to CreateUser (20140905005329)
  [1m[35m (0.2ms)[0m  BEGIN
  [1m[36m (2.5ms)[0m  [1mCREATE TABLE "users" ("id" serial primary key, "name" character varying(30) NOT NULL, "email" character varying(255), "password" character varying(255), "created_at" timestamp, "updated_at" timestamp) [0m
  [1m[35mSQL (0.2ms)[0m  INSERT INTO "schema_migrations" ("version") VALUES ($1)  [["version", "20140905005329"]]
  [1m[36m (0.5ms)[0m  [1mCOMMIT[0m
Migrating to CreateRound (20140905005517)
  [1m[35m (0.2ms)[0m  BEGIN
  [1m[36m (3.8ms)[0m  [1mCREATE TABLE "rounds" ("id" serial primary key, "game_id" integer, "leader_id" integer, "round_num" integer DEFAULT 0, "blackcard_id" integer) [0m
  [1m[35mSQL (0.2ms)[0m  INSERT INTO "schema_migrations" ("version") VALUES ($1)  [["version", "20140905005517"]]
  [1m[36m (0.4ms)[0m  [1mCOMMIT[0m
Migrating to CreateGame (20140905005821)
  [1m[35m (0.2ms)[0m  BEGIN
  [1m[36m (2.4ms)[0m  [1mCREATE TABLE "games" ("id" serial primary key, "name" character varying(30)) [0m
  [1m[35mSQL (0.2ms)[0m  INSERT INTO "schema_migrations" ("version") VALUES ($1)  [["version", "20140905005821"]]
  [1m[36m (0.4ms)[0m  [1mCOMMIT[0m
Migrating to CreateCardsInPlay (20140905042014)
  [1m[35m (0.2ms)[0m  BEGIN
  [1m[36m (1.8ms)[0m  [1mCREATE TABLE "cards_in_plays" ("id" serial primary key, "user_id" integer, "game_id" integer, "whitecard_id" integer, "playable" boolean DEFAULT 't', "created_at" timestamp, "updated_at" timestamp) [0m
  [1m[35mSQL (0.3ms)[0m  INSERT INTO "schema_migrations" ("version") VALUES ($1)  [["version", "20140905042014"]]
  [1m[36m (2.7ms)[0m  [1mCOMMIT[0m
Migrating to CreateSubmissions (20140905042020)
  [1m[35m (0.4ms)[0m  BEGIN
  [1m[36m (2.0ms)[0m  [1mCREATE TABLE "submissions" ("id" serial primary key, "round_id" integer, "cards_in_play_id" integer, "winner" boolean DEFAULT 'f') [0m
  [1m[35mSQL (0.1ms)[0m  INSERT INTO "schema_migrations" ("version") VALUES ($1)  [["version", "20140905042020"]]
  [1m[36m (3.8ms)[0m  [1mCOMMIT[0m
Migrating to CreateScores (20140905044433)
  [1m[35m (0.3ms)[0m  BEGIN
  [1m[36m (6.3ms)[0m  [1mCREATE TABLE "scores" ("id" serial primary key, "user_id" integer, "game_id" integer) [0m
  [1m[35mSQL (0.2ms)[0m  INSERT INTO "schema_migrations" ("version") VALUES ($1)  [["version", "20140905044433"]]
  [1m[36m (0.5ms)[0m  [1mCOMMIT[0m
  [1m[35mActiveRecord::SchemaMigration Load (0.3ms)[0m  SELECT "schema_migrations".* FROM "schema_migrations"
  [1m[36m (0.2ms)[0m  [1mBEGIN[0m
  [1m[35mSQL (0.7ms)[0m  INSERT INTO "games" ("name") VALUES ($1) RETURNING "id"  [["name", "New Game"]]
  [1m[36m (0.4ms)[0m  [1mCOMMIT[0m
  [1m[35m (0.1ms)[0m  BEGIN
  [1m[36mSQL (0.6ms)[0m  [1mINSERT INTO "users" ("created_at", "name", "updated_at") VALUES ($1, $2, $3) RETURNING "id"[0m  [["created_at", "2014-09-05 05:41:42.457535"], ["name", "Pat"], ["updated_at", "2014-09-05 05:41:42.457535"]]
  [1m[35m (0.9ms)[0m  COMMIT
  [1m[36m (0.1ms)[0m  [1mBEGIN[0m
  [1m[35mSQL (0.5ms)[0m  INSERT INTO "blackcards" ("content", "created_at", "updated_at") VALUES ($1, $2, $3) RETURNING "id"  [["content", "Where is my mind?"], ["created_at", "2014-09-05 05:41:47.281145"], ["updated_at", "2014-09-05 05:41:47.281145"]]
  [1m[36m (1.2ms)[0m  [1mCOMMIT[0m
  [1m[35m (0.1ms)[0m  BEGIN
  [1m[36mSQL (0.5ms)[0m  [1mINSERT INTO "rounds" ("game_id", "leader_id", "round_num") VALUES ($1, $2, $3) RETURNING "id"[0m  [["game_id", 1], ["leader_id", 1], ["round_num", 1]]
  [1m[35m (1.1ms)[0m  COMMIT
  [1m[36mRound Load (0.4ms)[0m  [1mSELECT "rounds".* FROM "rounds"  WHERE "rounds"."game_id" = $1[0m  [["game_id", 1]]
PG::UndefinedColumn: ERROR:  column blackcards.round_id does not exist
LINE 1: SELECT  "blackcards".* FROM "blackcards"  WHERE "blackcards"...
                                                        ^
: SELECT  "blackcards".* FROM "blackcards"  WHERE "blackcards"."round_id" = $1 LIMIT 1
  [1m[35m (0.2ms)[0m  BEGIN
  [1m[36mSQL (0.2ms)[0m  [1mINSERT INTO "rounds" ("blackcard_id", "game_id", "leader_id", "round_num") VALUES ($1, $2, $3, $4) RETURNING "id"[0m  [["blackcard_id", 1], ["game_id", 1], ["leader_id", 1], ["round_num", 1]]
  [1m[35m (1.6ms)[0m  COMMIT
PG::UndefinedColumn: ERROR:  column blackcards.round_id does not exist
LINE 1: SELECT  "blackcards".* FROM "blackcards"  WHERE "blackcards"...
                                                        ^
: SELECT  "blackcards".* FROM "blackcards"  WHERE "blackcards"."round_id" = $1 LIMIT 1
  [1m[36m (34.1ms)[0m  [1mCREATE TABLE "schema_migrations" ("version" character varying(255) NOT NULL) [0m
  [1m[35m (53.5ms)[0m  CREATE UNIQUE INDEX  "unique_schema_migrations" ON "schema_migrations"  ("version")
  [1m[36mActiveRecord::SchemaMigration Load (0.4ms)[0m  [1mSELECT "schema_migrations".* FROM "schema_migrations"[0m
Migrating to CreateWhitecard (20140905004930)
  [1m[35m (0.2ms)[0m  BEGIN
  [1m[36m (3.0ms)[0m  [1mCREATE TABLE "whitecards" ("id" serial primary key, "content" character varying(255), "created_at" timestamp, "updated_at" timestamp) [0m
  [1m[35mSQL (0.4ms)[0m  INSERT INTO "schema_migrations" ("version") VALUES ($1)  [["version", "20140905004930"]]
  [1m[36m (0.4ms)[0m  [1mCOMMIT[0m
Migrating to CreateBlackcard (20140905005236)
  [1m[35m (0.2ms)[0m  BEGIN
  [1m[36m (2.7ms)[0m  [1mCREATE TABLE "blackcards" ("id" serial primary key, "content" text, "created_at" timestamp, "updated_at" timestamp) [0m
  [1m[35mSQL (0.2ms)[0m  INSERT INTO "schema_migrations" ("version") VALUES ($1)  [["version", "20140905005236"]]
  [1m[36m (0.7ms)[0m  [1mCOMMIT[0m
Migrating to CreateUser (20140905005329)
  [1m[35m (0.2ms)[0m  BEGIN
  [1m[36m (2.6ms)[0m  [1mCREATE TABLE "users" ("id" serial primary key, "name" character varying(30) NOT NULL, "email" character varying(255), "password" character varying(255), "created_at" timestamp, "updated_at" timestamp) [0m
  [1m[35mSQL (0.2ms)[0m  INSERT INTO "schema_migrations" ("version") VALUES ($1)  [["version", "20140905005329"]]
  [1m[36m (0.6ms)[0m  [1mCOMMIT[0m
Migrating to CreateRound (20140905005517)
  [1m[35m (0.2ms)[0m  BEGIN
  [1m[36m (1.8ms)[0m  [1mCREATE TABLE "rounds" ("id" serial primary key, "game_id" integer, "leader_id" integer, "round_num" integer, "blackcard_id" integer) [0m
  [1m[35mSQL (0.2ms)[0m  INSERT INTO "schema_migrations" ("version") VALUES ($1)  [["version", "20140905005517"]]
  [1m[36m (0.5ms)[0m  [1mCOMMIT[0m
Migrating to CreateGame (20140905005821)
  [1m[35m (0.2ms)[0m  BEGIN
  [1m[36m (3.1ms)[0m  [1mCREATE TABLE "games" ("id" serial primary key, "name" character varying(30)) [0m
  [1m[35mSQL (0.2ms)[0m  INSERT INTO "schema_migrations" ("version") VALUES ($1)  [["version", "20140905005821"]]
  [1m[36m (0.5ms)[0m  [1mCOMMIT[0m
Migrating to CreateCardsInPlay (20140905042014)
  [1m[35m (0.2ms)[0m  BEGIN
  [1m[36m (2.7ms)[0m  [1mCREATE TABLE "cards_in_plays" ("id" serial primary key, "user_id" integer, "game_id" integer, "whitecard_id" integer, "playable" boolean DEFAULT 't', "created_at" timestamp, "updated_at" timestamp) [0m
  [1m[35mSQL (0.2ms)[0m  INSERT INTO "schema_migrations" ("version") VALUES ($1)  [["version", "20140905042014"]]
  [1m[36m (0.4ms)[0m  [1mCOMMIT[0m
Migrating to CreateSubmissions (20140905042020)
  [1m[35m (0.2ms)[0m  BEGIN
  [1m[36m (1.9ms)[0m  [1mCREATE TABLE "submissions" ("id" serial primary key, "round_id" integer, "cards_in_play_id" integer, "winner" boolean DEFAULT 'f') [0m
  [1m[35mSQL (0.2ms)[0m  INSERT INTO "schema_migrations" ("version") VALUES ($1)  [["version", "20140905042020"]]
  [1m[36m (0.8ms)[0m  [1mCOMMIT[0m
Migrating to CreateScores (20140905044433)
  [1m[35m (0.2ms)[0m  BEGIN
  [1m[36m (1.8ms)[0m  [1mCREATE TABLE "scores" ("id" serial primary key, "user_id" integer, "game_id" integer) [0m
  [1m[35mSQL (0.2ms)[0m  INSERT INTO "schema_migrations" ("version") VALUES ($1)  [["version", "20140905044433"]]
  [1m[36m (0.4ms)[0m  [1mCOMMIT[0m
  [1m[35mActiveRecord::SchemaMigration Load (0.2ms)[0m  SELECT "schema_migrations".* FROM "schema_migrations"
  [1m[36m (0.2ms)[0m  [1mBEGIN[0m
  [1m[35mSQL (0.9ms)[0m  INSERT INTO "games" ("name") VALUES ($1) RETURNING "id"  [["name", "New Game"]]
  [1m[36m (0.5ms)[0m  [1mCOMMIT[0m
  [1m[35m (0.2ms)[0m  BEGIN
  [1m[36mSQL (0.5ms)[0m  [1mINSERT INTO "users" ("created_at", "name", "updated_at") VALUES ($1, $2, $3) RETURNING "id"[0m  [["created_at", "2014-09-05 05:45:22.692945"], ["name", "Pat"], ["updated_at", "2014-09-05 05:45:22.692945"]]
  [1m[35m (0.4ms)[0m  COMMIT
  [1m[36m (0.1ms)[0m  [1mBEGIN[0m
  [1m[35mSQL (0.5ms)[0m  INSERT INTO "blackcards" ("content", "created_at", "updated_at") VALUES ($1, $2, $3) RETURNING "id"  [["content", "Where is my mind?"], ["created_at", "2014-09-05 05:45:22.707833"], ["updated_at", "2014-09-05 05:45:22.707833"]]
  [1m[36m (0.3ms)[0m  [1mCOMMIT[0m
  [1m[35m (0.1ms)[0m  BEGIN
  [1m[36mSQL (0.6ms)[0m  [1mINSERT INTO "rounds" ("blackcard_id", "game_id", "leader_id", "round_num") VALUES ($1, $2, $3, $4) RETURNING "id"[0m  [["blackcard_id", 1], ["game_id", 1], ["leader_id", 1], ["round_num", 1]]
  [1m[35m (0.8ms)[0m  COMMIT
  [1m[36mBlackcard Load (0.3ms)[0m  [1mSELECT  "blackcards".* FROM "blackcards"  WHERE "blackcards"."id" = $1 LIMIT 1[0m  [["id", 1]]
  [1m[36m (30.5ms)[0m  [1mCREATE TABLE "schema_migrations" ("version" character varying(255) NOT NULL) [0m
  [1m[35m (1.9ms)[0m  CREATE UNIQUE INDEX  "unique_schema_migrations" ON "schema_migrations"  ("version")
  [1m[36mActiveRecord::SchemaMigration Load (0.4ms)[0m  [1mSELECT "schema_migrations".* FROM "schema_migrations"[0m
Migrating to CreateWhitecard (20140905004930)
  [1m[35m (0.2ms)[0m  BEGIN
  [1m[36m (2.8ms)[0m  [1mCREATE TABLE "whitecards" ("id" serial primary key, "content" character varying(255), "created_at" timestamp, "updated_at" timestamp) [0m
  [1m[35mSQL (0.3ms)[0m  INSERT INTO "schema_migrations" ("version") VALUES ($1)  [["version", "20140905004930"]]
  [1m[36m (1.2ms)[0m  [1mCOMMIT[0m
Migrating to CreateBlackcard (20140905005236)
  [1m[35m (0.2ms)[0m  BEGIN
  [1m[36m (2.7ms)[0m  [1mCREATE TABLE "blackcards" ("id" serial primary key, "content" text, "created_at" timestamp, "updated_at" timestamp) [0m
  [1m[35mSQL (0.2ms)[0m  INSERT INTO "schema_migrations" ("version") VALUES ($1)  [["version", "20140905005236"]]
  [1m[36m (0.6ms)[0m  [1mCOMMIT[0m
Migrating to CreateUser (20140905005329)
  [1m[35m (0.2ms)[0m  BEGIN
  [1m[36m (8.6ms)[0m  [1mCREATE TABLE "users" ("id" serial primary key, "name" character varying(30) NOT NULL, "email" character varying(255), "password" character varying(255), "created_at" timestamp, "updated_at" timestamp) [0m
  [1m[35mSQL (0.2ms)[0m  INSERT INTO "schema_migrations" ("version") VALUES ($1)  [["version", "20140905005329"]]
  [1m[36m (0.5ms)[0m  [1mCOMMIT[0m
Migrating to CreateRound (20140905005517)
  [1m[35m (0.4ms)[0m  BEGIN
  [1m[36m (2.8ms)[0m  [1mCREATE TABLE "rounds" ("id" serial primary key, "game_id" integer, "leader_id" integer, "round_num" integer, "blackcard_id" integer) [0m
  [1m[35mSQL (0.2ms)[0m  INSERT INTO "schema_migrations" ("version") VALUES ($1)  [["version", "20140905005517"]]
  [1m[36m (0.5ms)[0m  [1mCOMMIT[0m
Migrating to CreateGame (20140905005821)
  [1m[35m (0.2ms)[0m  BEGIN
  [1m[36m (2.1ms)[0m  [1mCREATE TABLE "games" ("id" serial primary key, "name" character varying(30)) [0m
  [1m[35mSQL (0.3ms)[0m  INSERT INTO "schema_migrations" ("version") VALUES ($1)  [["version", "20140905005821"]]
  [1m[36m (0.5ms)[0m  [1mCOMMIT[0m
Migrating to CreateCardsInPlay (20140905042014)
  [1m[35m (0.2ms)[0m  BEGIN
  [1m[36m (2.0ms)[0m  [1mCREATE TABLE "cards_in_plays" ("id" serial primary key, "user_id" integer, "game_id" integer, "whitecard_id" integer, "playable" boolean DEFAULT 't', "created_at" timestamp, "updated_at" timestamp) [0m
  [1m[35mSQL (0.2ms)[0m  INSERT INTO "schema_migrations" ("version") VALUES ($1)  [["version", "20140905042014"]]
  [1m[36m (0.4ms)[0m  [1mCOMMIT[0m
Migrating to CreateSubmissions (20140905042020)
  [1m[35m (0.3ms)[0m  BEGIN
  [1m[36m (1.9ms)[0m  [1mCREATE TABLE "submissions" ("id" serial primary key, "round_id" integer, "cards_in_play_id" integer, "winner" boolean DEFAULT 'f') [0m
  [1m[35mSQL (0.2ms)[0m  INSERT INTO "schema_migrations" ("version") VALUES ($1)  [["version", "20140905042020"]]
  [1m[36m (0.5ms)[0m  [1mCOMMIT[0m
Migrating to CreateScores (20140905044433)
  [1m[35m (0.2ms)[0m  BEGIN
  [1m[36m (1.8ms)[0m  [1mCREATE TABLE "scores" ("id" serial primary key, "user_id" integer, "game_id" integer) [0m
  [1m[35mSQL (0.1ms)[0m  INSERT INTO "schema_migrations" ("version") VALUES ($1)  [["version", "20140905044433"]]
  [1m[36m (0.4ms)[0m  [1mCOMMIT[0m
  [1m[35mActiveRecord::SchemaMigration Load (0.2ms)[0m  SELECT "schema_migrations".* FROM "schema_migrations"
  [1m[36m (2.4ms)[0m  [1mCREATE TABLE "schema_migrations" ("version" character varying(255) NOT NULL) [0m
  [1m[35m (3.2ms)[0m  CREATE UNIQUE INDEX  "unique_schema_migrations" ON "schema_migrations"  ("version")
  [1m[36mActiveRecord::SchemaMigration Load (0.5ms)[0m  [1mSELECT "schema_migrations".* FROM "schema_migrations"[0m
Migrating to CreateWhitecard (20140905004930)
  [1m[35m (0.2ms)[0m  BEGIN
  [1m[36m (3.2ms)[0m  [1mCREATE TABLE "whitecards" ("id" serial primary key, "content" character varying(255), "created_at" timestamp, "updated_at" timestamp) [0m
  [1m[35mSQL (0.3ms)[0m  INSERT INTO "schema_migrations" ("version") VALUES ($1)  [["version", "20140905004930"]]
  [1m[36m (0.4ms)[0m  [1mCOMMIT[0m
Migrating to CreateBlackcard (20140905005236)
  [1m[35m (0.2ms)[0m  BEGIN
  [1m[36m (2.7ms)[0m  [1mCREATE TABLE "blackcards" ("id" serial primary key, "content" text, "created_at" timestamp, "updated_at" timestamp) [0m
  [1m[35mSQL (0.2ms)[0m  INSERT INTO "schema_migrations" ("version") VALUES ($1)  [["version", "20140905005236"]]
  [1m[36m (0.6ms)[0m  [1mCOMMIT[0m
Migrating to CreateUser (20140905005329)
  [1m[35m (0.2ms)[0m  BEGIN
  [1m[36m (2.6ms)[0m  [1mCREATE TABLE "users" ("id" serial primary key, "name" character varying(30) NOT NULL, "email" character varying(255), "password" character varying(255), "created_at" timestamp, "updated_at" timestamp) [0m
  [1m[35mSQL (0.2ms)[0m  INSERT INTO "schema_migrations" ("version") VALUES ($1)  [["version", "20140905005329"]]
  [1m[36m (0.5ms)[0m  [1mCOMMIT[0m
Migrating to CreateRound (20140905005517)
  [1m[35m (0.2ms)[0m  BEGIN
  [1m[36m (1.8ms)[0m  [1mCREATE TABLE "rounds" ("id" serial primary key, "game_id" integer, "leader_id" integer, "round_num" integer, "blackcard_id" integer) [0m
  [1m[35mSQL (0.2ms)[0m  INSERT INTO "schema_migrations" ("version") VALUES ($1)  [["version", "20140905005517"]]
  [1m[36m (0.5ms)[0m  [1mCOMMIT[0m
Migrating to CreateGame (20140905005821)
  [1m[35m (0.2ms)[0m  BEGIN
  [1m[36m (1.9ms)[0m  [1mCREATE TABLE "games" ("id" serial primary key, "name" character varying(30)) [0m
  [1m[35mSQL (0.2ms)[0m  INSERT INTO "schema_migrations" ("version") VALUES ($1)  [["version", "20140905005821"]]
  [1m[36m (0.5ms)[0m  [1mCOMMIT[0m
Migrating to CreateCardsInPlay (20140905042014)
  [1m[35m (0.2ms)[0m  BEGIN
  [1m[36m (1.8ms)[0m  [1mCREATE TABLE "cards_in_plays" ("id" serial primary key, "user_id" integer, "game_id" integer, "whitecard_id" integer, "playable" boolean DEFAULT 't', "created_at" timestamp, "updated_at" timestamp) [0m
  [1m[35mSQL (0.2ms)[0m  INSERT INTO "schema_migrations" ("version") VALUES ($1)  [["version", "20140905042014"]]
  [1m[36m (0.5ms)[0m  [1mCOMMIT[0m
Migrating to CreateSubmissions (20140905042020)
  [1m[35m (0.2ms)[0m  BEGIN
  [1m[36m (1.8ms)[0m  [1mCREATE TABLE "submissions" ("id" serial primary key, "round_id" integer, "cards_in_play_id" integer, "winner" boolean DEFAULT 'f') [0m
  [1m[35mSQL (0.2ms)[0m  INSERT INTO "schema_migrations" ("version") VALUES ($1)  [["version", "20140905042020"]]
  [1m[36m (0.5ms)[0m  [1mCOMMIT[0m
Migrating to CreateScores (20140905044433)
  [1m[35m (0.2ms)[0m  BEGIN
  [1m[36m (2.3ms)[0m  [1mCREATE TABLE "scores" ("id" serial primary key, "user_id" integer, "game_id" integer) [0m
  [1m[35mSQL (0.2ms)[0m  INSERT INTO "schema_migrations" ("version") VALUES ($1)  [["version", "20140905044433"]]
  [1m[36m (0.5ms)[0m  [1mCOMMIT[0m
  [1m[35mActiveRecord::SchemaMigration Load (0.2ms)[0m  SELECT "schema_migrations".* FROM "schema_migrations"
  [1m[36m (0.2ms)[0m  [1mBEGIN[0m
  [1m[35mSQL (0.6ms)[0m  INSERT INTO "games" ("name") VALUES ($1) RETURNING "id"  [["name", "New Game"]]
  [1m[36m (20.0ms)[0m  [1mCOMMIT[0m
  [1m[35m (0.2ms)[0m  BEGIN
  [1m[36mSQL (0.5ms)[0m  [1mINSERT INTO "users" ("created_at", "name", "updated_at") VALUES ($1, $2, $3) RETURNING "id"[0m  [["created_at", "2014-09-05 05:47:55.350197"], ["name", "Pat"], ["updated_at", "2014-09-05 05:47:55.350197"]]
  [1m[35m (0.4ms)[0m  COMMIT
  [1m[36m (0.2ms)[0m  [1mBEGIN[0m
  [1m[35mSQL (0.5ms)[0m  INSERT INTO "blackcards" ("content", "created_at", "updated_at") VALUES ($1, $2, $3) RETURNING "id"  [["content", "Where is my mind?"], ["created_at", "2014-09-05 05:47:55.367493"], ["updated_at", "2014-09-05 05:47:55.367493"]]
  [1m[36m (0.3ms)[0m  [1mCOMMIT[0m
  [1m[35m (0.1ms)[0m  BEGIN
  [1m[36mSQL (0.5ms)[0m  [1mINSERT INTO "rounds" ("game_id", "leader_id", "round_num") VALUES ($1, $2, $3) RETURNING "id"[0m  [["game_id", 1], ["leader_id", 1], ["round_num", 1]]
  [1m[35m (1.1ms)[0m  COMMIT
  [1m[36m (0.2ms)[0m  [1mBEGIN[0m
  [1m[35mSQL (0.4ms)[0m  INSERT INTO "users" ("created_at", "name", "updated_at") VALUES ($1, $2, $3) RETURNING "id"  [["created_at", "2014-09-05 05:57:38.653342"], ["name", "Ian"], ["updated_at", "2014-09-05 05:57:38.653342"]]
  [1m[36m (1.5ms)[0m  [1mCOMMIT[0m
  [1m[35m (0.2ms)[0m  BEGIN
  [1m[36mSQL (0.2ms)[0m  [1mINSERT INTO "users" ("created_at", "name", "updated_at") VALUES ($1, $2, $3) RETURNING "id"[0m  [["created_at", "2014-09-05 05:57:43.205133"], ["name", "Cassidy"], ["updated_at", "2014-09-05 05:57:43.205133"]]
  [1m[35m (1.9ms)[0m  COMMIT
  [1m[36m (0.1ms)[0m  [1mBEGIN[0m
  [1m[35mSQL (0.8ms)[0m  INSERT INTO "whitecards" ("content", "created_at", "updated_at") VALUES ($1, $2, $3) RETURNING "id"  [["content", "meow"], ["created_at", "2014-09-05 05:57:52.594372"], ["updated_at", "2014-09-05 05:57:52.594372"]]
  [1m[36m (0.8ms)[0m  [1mCOMMIT[0m
  [1m[35m (0.1ms)[0m  BEGIN
  [1m[36mSQL (0.2ms)[0m  [1mINSERT INTO "whitecards" ("content", "created_at", "updated_at") VALUES ($1, $2, $3) RETURNING "id"[0m  [["content", "bark"], ["created_at", "2014-09-05 05:57:52.599729"], ["updated_at", "2014-09-05 05:57:52.599729"]]
  [1m[35m (7.2ms)[0m  COMMIT
  [1m[36m (0.2ms)[0m  [1mBEGIN[0m
  [1m[35mSQL (0.3ms)[0m  INSERT INTO "whitecards" ("content", "created_at", "updated_at") VALUES ($1, $2, $3) RETURNING "id"  [["content", "ribbet"], ["created_at", "2014-09-05 05:57:52.828142"], ["updated_at", "2014-09-05 05:57:52.828142"]]
  [1m[36m (0.4ms)[0m  [1mCOMMIT[0m
  [1m[35m (0.1ms)[0m  BEGIN
  [1m[36mSQL (0.5ms)[0m  [1mINSERT INTO "cards_in_plays" ("created_at", "game_id", "updated_at", "user_id", "whitecard_id") VALUES ($1, $2, $3, $4, $5) RETURNING "id"[0m  [["created_at", "2014-09-05 05:57:58.747120"], ["game_id", 1], ["updated_at", "2014-09-05 05:57:58.747120"], ["user_id", 2], ["whitecard_id", 1]]
  [1m[35m (1.1ms)[0m  COMMIT
  [1m[36m (0.1ms)[0m  [1mBEGIN[0m
  [1m[35mSQL (0.3ms)[0m  INSERT INTO "cards_in_plays" ("created_at", "game_id", "updated_at", "user_id", "whitecard_id") VALUES ($1, $2, $3, $4, $5) RETURNING "id"  [["created_at", "2014-09-05 05:57:58.753243"], ["game_id", 1], ["updated_at", "2014-09-05 05:57:58.753243"], ["user_id", 2], ["whitecard_id", 2]]
  [1m[36m (6.2ms)[0m  [1mCOMMIT[0m
  [1m[35m (0.2ms)[0m  BEGIN
  [1m[36mSQL (0.3ms)[0m  [1mINSERT INTO "cards_in_plays" ("created_at", "game_id", "updated_at", "user_id", "whitecard_id") VALUES ($1, $2, $3, $4, $5) RETURNING "id"[0m  [["created_at", "2014-09-05 05:57:58.941658"], ["game_id", 1], ["updated_at", "2014-09-05 05:57:58.941658"], ["user_id", 3], ["whitecard_id", 3]]
  [1m[35m (1.9ms)[0m  COMMIT
  [1m[36mCardsInPlay Load (0.3ms)[0m  [1mSELECT "cards_in_plays".* FROM "cards_in_plays"  WHERE "cards_in_plays"."user_id" = $1[0m  [["user_id", 2]]
  [1m[35mCardsInPlay Load (0.5ms)[0m  SELECT "cards_in_plays".* FROM "cards_in_plays"  WHERE "cards_in_plays"."user_id" = $1  [["user_id", 3]]
  [1m[36mWhitecard Load (0.4ms)[0m  [1mSELECT  "whitecards".* FROM "whitecards"  WHERE "whitecards"."id" = $1 LIMIT 1[0m  [["id", 1]]
  [1m[35mWhitecard Load (0.5ms)[0m  SELECT  "whitecards".* FROM "whitecards"  WHERE "whitecards"."id" = $1 LIMIT 1  [["id", 3]]
  [1m[36m (31.3ms)[0m  [1mCREATE TABLE "schema_migrations" ("version" character varying(255) NOT NULL) [0m
  [1m[35m (49.7ms)[0m  CREATE UNIQUE INDEX  "unique_schema_migrations" ON "schema_migrations"  ("version")
  [1m[36mActiveRecord::SchemaMigration Load (0.6ms)[0m  [1mSELECT "schema_migrations".* FROM "schema_migrations"[0m
Migrating to CreateWhitecard (20140905004930)
  [1m[35m (0.2ms)[0m  BEGIN
  [1m[36m (2.9ms)[0m  [1mCREATE TABLE "whitecards" ("id" serial primary key, "content" character varying(255), "created_at" timestamp, "updated_at" timestamp) [0m
  [1m[35mSQL (0.4ms)[0m  INSERT INTO "schema_migrations" ("version") VALUES ($1)  [["version", "20140905004930"]]
  [1m[36m (0.4ms)[0m  [1mCOMMIT[0m
Migrating to CreateBlackcard (20140905005236)
  [1m[35m (0.2ms)[0m  BEGIN
  [1m[36m (2.7ms)[0m  [1mCREATE TABLE "blackcards" ("id" serial primary key, "content" text, "created_at" timestamp, "updated_at" timestamp) [0m
  [1m[35mSQL (0.2ms)[0m  INSERT INTO "schema_migrations" ("version") VALUES ($1)  [["version", "20140905005236"]]
  [1m[36m (0.6ms)[0m  [1mCOMMIT[0m
Migrating to CreateUser (20140905005329)
  [1m[35m (0.2ms)[0m  BEGIN
  [1m[36m (4.0ms)[0m  [1mCREATE TABLE "users" ("id" serial primary key, "name" character varying(30) NOT NULL, "email" character varying(255), "password" character varying(255), "created_at" timestamp, "updated_at" timestamp) [0m
  [1m[35mSQL (0.2ms)[0m  INSERT INTO "schema_migrations" ("version") VALUES ($1)  [["version", "20140905005329"]]
  [1m[36m (0.6ms)[0m  [1mCOMMIT[0m
Migrating to CreateRound (20140905005517)
  [1m[35m (0.2ms)[0m  BEGIN
  [1m[36m (1.8ms)[0m  [1mCREATE TABLE "rounds" ("id" serial primary key, "game_id" integer, "leader_id" integer, "round_num" integer, "blackcard_id" integer) [0m
  [1m[35mSQL (0.2ms)[0m  INSERT INTO "schema_migrations" ("version") VALUES ($1)  [["version", "20140905005517"]]
  [1m[36m (0.5ms)[0m  [1mCOMMIT[0m
Migrating to CreateGame (20140905005821)
  [1m[35m (0.3ms)[0m  BEGIN
  [1m[36m (1.9ms)[0m  [1mCREATE TABLE "games" ("id" serial primary key, "name" character varying(30)) [0m
  [1m[35mSQL (0.1ms)[0m  INSERT INTO "schema_migrations" ("version") VALUES ($1)  [["version", "20140905005821"]]
  [1m[36m (0.9ms)[0m  [1mCOMMIT[0m
Migrating to CreateCardsInPlay (20140905042014)
  [1m[35m (0.2ms)[0m  BEGIN
  [1m[36m (2.8ms)[0m  [1mCREATE TABLE "cards_in_plays" ("id" serial primary key, "user_id" integer, "game_id" integer, "whitecard_id" integer, "playable" boolean DEFAULT 't', "created_at" timestamp, "updated_at" timestamp) [0m
  [1m[35mSQL (0.2ms)[0m  INSERT INTO "schema_migrations" ("version") VALUES ($1)  [["version", "20140905042014"]]
  [1m[36m (0.5ms)[0m  [1mCOMMIT[0m
Migrating to CreateSubmissions (20140905042020)
  [1m[35m (0.2ms)[0m  BEGIN
  [1m[36m (1.9ms)[0m  [1mCREATE TABLE "submissions" ("id" serial primary key, "round_id" integer, "cards_in_play_id" integer, "winner" boolean DEFAULT 'f') [0m
  [1m[35mSQL (0.2ms)[0m  INSERT INTO "schema_migrations" ("version") VALUES ($1)  [["version", "20140905042020"]]
  [1m[36m (0.5ms)[0m  [1mCOMMIT[0m
Migrating to CreateScores (20140905044433)
  [1m[35m (0.3ms)[0m  BEGIN
  [1m[36m (2.6ms)[0m  [1mCREATE TABLE "scores" ("id" serial primary key, "user_id" integer, "game_id" integer) [0m
  [1m[35mSQL (0.1ms)[0m  INSERT INTO "schema_migrations" ("version") VALUES ($1)  [["version", "20140905044433"]]
  [1m[36m (1.3ms)[0m  [1mCOMMIT[0m
  [1m[35mActiveRecord::SchemaMigration Load (0.2ms)[0m  SELECT "schema_migrations".* FROM "schema_migrations"
  [1m[36m (0.2ms)[0m  [1mBEGIN[0m
  [1m[35mSQL (0.6ms)[0m  INSERT INTO "games" ("name") VALUES ($1) RETURNING "id"  [["name", "New Game"]]
  [1m[36m (0.3ms)[0m  [1mCOMMIT[0m
  [1m[35m (0.1ms)[0m  BEGIN
  [1m[36mSQL (0.6ms)[0m  [1mINSERT INTO "users" ("created_at", "name", "updated_at") VALUES ($1, $2, $3) RETURNING "id"[0m  [["created_at", "2014-09-05 06:04:03.894131"], ["name", "Pat"], ["updated_at", "2014-09-05 06:04:03.894131"]]
  [1m[35m (0.7ms)[0m  COMMIT
  [1m[36m (0.1ms)[0m  [1mBEGIN[0m
  [1m[35mSQL (0.8ms)[0m  INSERT INTO "blackcards" ("content", "created_at", "updated_at") VALUES ($1, $2, $3) RETURNING "id"  [["content", "Where is my mind?"], ["created_at", "2014-09-05 06:04:03.908708"], ["updated_at", "2014-09-05 06:04:03.908708"]]
  [1m[36m (0.8ms)[0m  [1mCOMMIT[0m
  [1m[35m (0.1ms)[0m  BEGIN
  [1m[36mSQL (0.3ms)[0m  [1mINSERT INTO "users" ("created_at", "name", "updated_at") VALUES ($1, $2, $3) RETURNING "id"[0m  [["created_at", "2014-09-05 06:04:09.740662"], ["name", "Cassidy"], ["updated_at", "2014-09-05 06:04:09.740662"]]
  [1m[35m (1.6ms)[0m  COMMIT
  [1m[36m (0.2ms)[0m  [1mBEGIN[0m
  [1m[35mSQL (0.5ms)[0m  INSERT INTO "whitecards" ("content", "created_at", "updated_at") VALUES ($1, $2, $3) RETURNING "id"  [["content", "meow"], ["created_at", "2014-09-05 06:04:09.756990"], ["updated_at", "2014-09-05 06:04:09.756990"]]
  [1m[36m (0.4ms)[0m  [1mCOMMIT[0m
  [1m[35m (0.1ms)[0m  BEGIN
  [1m[36mSQL (0.3ms)[0m  [1mINSERT INTO "whitecards" ("content", "created_at", "updated_at") VALUES ($1, $2, $3) RETURNING "id"[0m  [["content", "bark"], ["created_at", "2014-09-05 06:04:09.762242"], ["updated_at", "2014-09-05 06:04:09.762242"]]
  [1m[35m (0.4ms)[0m  COMMIT
  [1m[36m (0.2ms)[0m  [1mBEGIN[0m
  [1m[35mSQL (0.4ms)[0m  INSERT INTO "whitecards" ("content", "created_at", "updated_at") VALUES ($1, $2, $3) RETURNING "id"  [["content", "ribbet"], ["created_at", "2014-09-05 06:04:11.298375"], ["updated_at", "2014-09-05 06:04:11.298375"]]
  [1m[36m (1.8ms)[0m  [1mCOMMIT[0m
  [1m[35m (0.1ms)[0m  BEGIN
  [1m[36mSQL (0.8ms)[0m  [1mINSERT INTO "cards_in_plays" ("created_at", "game_id", "updated_at", "user_id", "whitecard_id") VALUES ($1, $2, $3, $4, $5) RETURNING "id"[0m  [["created_at", "2014-09-05 06:04:18.437357"], ["game_id", 1], ["updated_at", "2014-09-05 06:04:18.437357"], ["user_id", 2], ["whitecard_id", 3]]
  [1m[35m (0.8ms)[0m  COMMIT
  [1m[36m (0.2ms)[0m  [1mBEGIN[0m
  [1m[35mSQL (0.6ms)[0m  INSERT INTO "blackcards" ("content", "created_at", "updated_at") VALUES ($1, $2, $3) RETURNING "id"  [["content", "Where is my mind?"], ["created_at", "2014-09-05 06:05:03.984703"], ["updated_at", "2014-09-05 06:05:03.984703"]]
  [1m[36m (1.7ms)[0m  [1mCOMMIT[0m
  [1m[35m (0.1ms)[0m  BEGIN
  [1m[36mSQL (0.5ms)[0m  [1mINSERT INTO "rounds" ("blackcard_id", "game_id", "leader_id", "round_num") VALUES ($1, $2, $3, $4) RETURNING "id"[0m  [["blackcard_id", 2], ["game_id", 1], ["leader_id", 1], ["round_num", 1]]
  [1m[35m (0.3ms)[0m  COMMIT
  [1m[36m (0.1ms)[0m  [1mBEGIN[0m
  [1m[35mSQL (0.2ms)[0m  INSERT INTO "users" ("created_at", "name", "updated_at") VALUES ($1, $2, $3) RETURNING "id"  [["created_at", "2014-09-05 06:05:15.848617"], ["name", "Ian"], ["updated_at", "2014-09-05 06:05:15.848617"]]
  [1m[36m (1.6ms)[0m  [1mCOMMIT[0m
  [1m[35m (0.2ms)[0m  BEGIN
  [1m[36mSQL (0.3ms)[0m  [1mINSERT INTO "users" ("created_at", "name", "updated_at") VALUES ($1, $2, $3) RETURNING "id"[0m  [["created_at", "2014-09-05 06:05:17.037140"], ["name", "Cassidy"], ["updated_at", "2014-09-05 06:05:17.037140"]]
  [1m[35m (1.8ms)[0m  COMMIT
  [1m[36m (0.1ms)[0m  [1mBEGIN[0m
  [1m[35mSQL (0.2ms)[0m  INSERT INTO "whitecards" ("content", "created_at", "updated_at") VALUES ($1, $2, $3) RETURNING "id"  [["content", "meow"], ["created_at", "2014-09-05 06:05:21.146966"], ["updated_at", "2014-09-05 06:05:21.146966"]]
  [1m[36m (1.7ms)[0m  [1mCOMMIT[0m
  [1m[35m (0.2ms)[0m  BEGIN
  [1m[36mSQL (0.3ms)[0m  [1mINSERT INTO "whitecards" ("content", "created_at", "updated_at") VALUES ($1, $2, $3) RETURNING "id"[0m  [["content", "bark"], ["created_at", "2014-09-05 06:05:21.152184"], ["updated_at", "2014-09-05 06:05:21.152184"]]
  [1m[35m (6.4ms)[0m  COMMIT
  [1m[36m (0.2ms)[0m  [1mBEGIN[0m
  [1m[35mSQL (0.3ms)[0m  INSERT INTO "whitecards" ("content", "created_at", "updated_at") VALUES ($1, $2, $3) RETURNING "id"  [["content", "ribbet"], ["created_at", "2014-09-05 06:05:21.599645"], ["updated_at", "2014-09-05 06:05:21.599645"]]
  [1m[36m (0.4ms)[0m  [1mCOMMIT[0m
  [1m[35m (0.2ms)[0m  BEGIN
  [1m[36mSQL (0.3ms)[0m  [1mINSERT INTO "cards_in_plays" ("created_at", "game_id", "updated_at", "user_id", "whitecard_id") VALUES ($1, $2, $3, $4, $5) RETURNING "id"[0m  [["created_at", "2014-09-05 06:05:25.710239"], ["game_id", 1], ["updated_at", "2014-09-05 06:05:25.710239"], ["user_id", 3], ["whitecard_id", 4]]
  [1m[35m (1.8ms)[0m  COMMIT
  [1m[36m (0.1ms)[0m  [1mBEGIN[0m
  [1m[35mSQL (0.2ms)[0m  INSERT INTO "cards_in_plays" ("created_at", "game_id", "updated_at", "user_id", "whitecard_id") VALUES ($1, $2, $3, $4, $5) RETURNING "id"  [["created_at", "2014-09-05 06:05:25.717162"], ["game_id", 1], ["updated_at", "2014-09-05 06:05:25.717162"], ["user_id", 3], ["whitecard_id", 5]]
  [1m[36m (4.0ms)[0m  [1mCOMMIT[0m
  [1m[35m (0.2ms)[0m  BEGIN
  [1m[36mSQL (0.3ms)[0m  [1mINSERT INTO "cards_in_plays" ("created_at", "game_id", "updated_at", "user_id", "whitecard_id") VALUES ($1, $2, $3, $4, $5) RETURNING "id"[0m  [["created_at", "2014-09-05 06:05:26.763123"], ["game_id", 1], ["updated_at", "2014-09-05 06:05:26.763123"], ["user_id", 4], ["whitecard_id", 6]]
  [1m[35m (1.8ms)[0m  COMMIT
  [1m[36mUser Load (0.4ms)[0m  [1mSELECT  "users".* FROM "users"  WHERE "users"."id" = $1 LIMIT 1[0m  [["id", 3]]
  [1m[35mWhitecard Load (0.4ms)[0m  SELECT  "whitecards".* FROM "whitecards"  WHERE "whitecards"."id" = $1 LIMIT 1  [["id", 4]]
  [1m[36mCardsInPlay Load (0.3ms)[0m  [1mSELECT "cards_in_plays".* FROM "cards_in_plays"  WHERE "cards_in_plays"."user_id" = $1[0m  [["user_id", 3]]
  [1m[35mCardsInPlay Load (0.4ms)[0m  SELECT  "cards_in_plays".* FROM "cards_in_plays"  WHERE "cards_in_plays"."user_id" = $1  ORDER BY "cards_in_plays"."id" ASC LIMIT 1  [["user_id", 4]]
  [1m[36mWhitecard Load (0.3ms)[0m  [1mSELECT  "whitecards".* FROM "whitecards"  WHERE "whitecards"."id" = $1 LIMIT 1[0m  [["id", 6]]
  [1m[35m (0.1ms)[0m  BEGIN
  [1m[36mSQL (0.5ms)[0m  [1mINSERT INTO "submissions" ("cards_in_play_id", "round_id") VALUES ($1, $2) RETURNING "id"[0m  [["cards_in_play_id", 4], ["round_id", 1]]
  [1m[35m (0.3ms)[0m  COMMIT
  [1m[36m (73.6ms)[0m  [1mCREATE TABLE "schema_migrations" ("version" character varying(255) NOT NULL) [0m
  [1m[35m (48.6ms)[0m  CREATE UNIQUE INDEX  "unique_schema_migrations" ON "schema_migrations"  ("version")
  [1m[36mActiveRecord::SchemaMigration Load (0.6ms)[0m  [1mSELECT "schema_migrations".* FROM "schema_migrations"[0m
Migrating to CreateWhitecard (20140905004930)
  [1m[35m (0.2ms)[0m  BEGIN
  [1m[36m (3.0ms)[0m  [1mCREATE TABLE "whitecards" ("id" serial primary key, "content" character varying(255), "created_at" timestamp, "updated_at" timestamp) [0m
  [1m[35mSQL (0.6ms)[0m  INSERT INTO "schema_migrations" ("version") VALUES ($1)  [["version", "20140905004930"]]
  [1m[36m (0.5ms)[0m  [1mCOMMIT[0m
Migrating to CreateBlackcard (20140905005236)
  [1m[35m (0.2ms)[0m  BEGIN
  [1m[36m (2.6ms)[0m  [1mCREATE TABLE "blackcards" ("id" serial primary key, "content" text, "created_at" timestamp, "updated_at" timestamp) [0m
  [1m[35mSQL (0.2ms)[0m  INSERT INTO "schema_migrations" ("version") VALUES ($1)  [["version", "20140905005236"]]
  [1m[36m (0.7ms)[0m  [1mCOMMIT[0m
Migrating to CreateUser (20140905005329)
  [1m[35m (0.2ms)[0m  BEGIN
  [1m[36m (2.6ms)[0m  [1mCREATE TABLE "users" ("id" serial primary key, "name" character varying(30) NOT NULL, "email" character varying(255), "password" character varying(255), "created_at" timestamp, "updated_at" timestamp) [0m
  [1m[35mSQL (0.2ms)[0m  INSERT INTO "schema_migrations" ("version") VALUES ($1)  [["version", "20140905005329"]]
  [1m[36m (1.6ms)[0m  [1mCOMMIT[0m
Migrating to CreateRound (20140905005517)
  [1m[35m (0.3ms)[0m  BEGIN
  [1m[36m (3.2ms)[0m  [1mCREATE TABLE "rounds" ("id" serial primary key, "game_id" integer, "leader_id" integer, "round_num" integer, "blackcard_id" integer) [0m
  [1m[35mSQL (0.2ms)[0m  INSERT INTO "schema_migrations" ("version") VALUES ($1)  [["version", "20140905005517"]]
  [1m[36m (0.6ms)[0m  [1mCOMMIT[0m
Migrating to CreateGame (20140905005821)
  [1m[35m (0.2ms)[0m  BEGIN
  [1m[36m (1.9ms)[0m  [1mCREATE TABLE "games" ("id" serial primary key, "name" character varying(30)) [0m
  [1m[35mSQL (0.2ms)[0m  INSERT INTO "schema_migrations" ("version") VALUES ($1)  [["version", "20140905005821"]]
  [1m[36m (0.4ms)[0m  [1mCOMMIT[0m
Migrating to CreateCardsInPlay (20140905042014)
  [1m[35m (0.2ms)[0m  BEGIN
  [1m[36m (1.9ms)[0m  [1mCREATE TABLE "cards_in_plays" ("id" serial primary key, "user_id" integer, "game_id" integer, "whitecard_id" integer, "playable" boolean DEFAULT 't', "created_at" timestamp, "updated_at" timestamp) [0m
  [1m[35mSQL (0.2ms)[0m  INSERT INTO "schema_migrations" ("version") VALUES ($1)  [["version", "20140905042014"]]
  [1m[36m (0.4ms)[0m  [1mCOMMIT[0m
Migrating to CreateSubmission (20140905042020)
  [1m[35m (0.3ms)[0m  BEGIN
  [1m[36m (8.2ms)[0m  [1mCREATE TABLE "submissions" ("id" serial primary key, "round_id" integer, "cards_in_play_id" integer, "winner" boolean DEFAULT 'f') [0m
  [1m[35mSQL (0.2ms)[0m  INSERT INTO "schema_migrations" ("version") VALUES ($1)  [["version", "20140905042020"]]
  [1m[36m (0.4ms)[0m  [1mCOMMIT[0m
Migrating to CreateScores (20140905044433)
  [1m[35m (0.2ms)[0m  BEGIN
  [1m[36m (1.8ms)[0m  [1mCREATE TABLE "scores" ("id" serial primary key, "user_id" integer, "game_id" integer) [0m
  [1m[35mSQL (0.2ms)[0m  INSERT INTO "schema_migrations" ("version") VALUES ($1)  [["version", "20140905044433"]]
  [1m[36m (0.5ms)[0m  [1mCOMMIT[0m
  [1m[35mActiveRecord::SchemaMigration Load (0.2ms)[0m  SELECT "schema_migrations".* FROM "schema_migrations"
  [1m[36m (0.1ms)[0m  [1mBEGIN[0m
  [1m[35mSQL (0.6ms)[0m  INSERT INTO "games" ("name") VALUES ($1) RETURNING "id"  [["name", "New Game"]]
  [1m[36m (0.3ms)[0m  [1mCOMMIT[0m
  [1m[35m (0.2ms)[0m  BEGIN
  [1m[36mSQL (0.8ms)[0m  [1mINSERT INTO "users" ("created_at", "name", "updated_at") VALUES ($1, $2, $3) RETURNING "id"[0m  [["created_at", "2014-09-05 06:08:11.801945"], ["name", "Pat"], ["updated_at", "2014-09-05 06:08:11.801945"]]
  [1m[35m (0.5ms)[0m  COMMIT
  [1m[36m (0.2ms)[0m  [1mBEGIN[0m
  [1m[35mSQL (0.8ms)[0m  INSERT INTO "blackcards" ("content", "created_at", "updated_at") VALUES ($1, $2, $3) RETURNING "id"  [["content", "Where is my mind?"], ["created_at", "2014-09-05 06:08:11.825988"], ["updated_at", "2014-09-05 06:08:11.825988"]]
  [1m[36m (0.5ms)[0m  [1mCOMMIT[0m
  [1m[35m (0.2ms)[0m  BEGIN
  [1m[36mSQL (1.0ms)[0m  [1mINSERT INTO "rounds" ("blackcard_id", "game_id", "leader_id", "round_num") VALUES ($1, $2, $3, $4) RETURNING "id"[0m  [["blackcard_id", 1], ["game_id", 1], ["leader_id", 1], ["round_num", 1]]
  [1m[35m (12.4ms)[0m  COMMIT
  [1m[36m (0.1ms)[0m  [1mBEGIN[0m
  [1m[35mSQL (0.3ms)[0m  INSERT INTO "users" ("created_at", "name", "updated_at") VALUES ($1, $2, $3) RETURNING "id"  [["created_at", "2014-09-05 06:08:19.463033"], ["name", "Ian"], ["updated_at", "2014-09-05 06:08:19.463033"]]
  [1m[36m (1.5ms)[0m  [1mCOMMIT[0m
  [1m[35m (0.2ms)[0m  BEGIN
  [1m[36mSQL (0.3ms)[0m  [1mINSERT INTO "users" ("created_at", "name", "updated_at") VALUES ($1, $2, $3) RETURNING "id"[0m  [["created_at", "2014-09-05 06:08:19.468475"], ["name", "Cassidy"], ["updated_at", "2014-09-05 06:08:19.468475"]]
  [1m[35m (5.7ms)[0m  COMMIT
  [1m[36m (0.1ms)[0m  [1mBEGIN[0m
  [1m[35mSQL (0.5ms)[0m  INSERT INTO "whitecards" ("content", "created_at", "updated_at") VALUES ($1, $2, $3) RETURNING "id"  [["content", "meow"], ["created_at", "2014-09-05 06:08:19.486144"], ["updated_at", "2014-09-05 06:08:19.486144"]]
  [1m[36m (0.3ms)[0m  [1mCOMMIT[0m
  [1m[35m (0.1ms)[0m  BEGIN
  [1m[36mSQL (0.3ms)[0m  [1mINSERT INTO "whitecards" ("content", "created_at", "updated_at") VALUES ($1, $2, $3) RETURNING "id"[0m  [["content", "bark"], ["created_at", "2014-09-05 06:08:19.490599"], ["updated_at", "2014-09-05 06:08:19.490599"]]
  [1m[35m (0.4ms)[0m  COMMIT
  [1m[36m (0.1ms)[0m  [1mBEGIN[0m
  [1m[35mSQL (0.2ms)[0m  INSERT INTO "whitecards" ("content", "created_at", "updated_at") VALUES ($1, $2, $3) RETURNING "id"  [["content", "ribbet"], ["created_at", "2014-09-05 06:08:19.493881"], ["updated_at", "2014-09-05 06:08:19.493881"]]
  [1m[36m (0.8ms)[0m  [1mCOMMIT[0m
  [1m[35m (0.2ms)[0m  BEGIN
  [1m[36mSQL (0.5ms)[0m  [1mINSERT INTO "cards_in_plays" ("created_at", "game_id", "updated_at", "user_id", "whitecard_id") VALUES ($1, $2, $3, $4, $5) RETURNING "id"[0m  [["created_at", "2014-09-05 06:08:19.515269"], ["game_id", 1], ["updated_at", "2014-09-05 06:08:19.515269"], ["user_id", 2], ["whitecard_id", 1]]
  [1m[35m (0.3ms)[0m  COMMIT
  [1m[36m (0.1ms)[0m  [1mBEGIN[0m
  [1m[35mSQL (0.3ms)[0m  INSERT INTO "cards_in_plays" ("created_at", "game_id", "updated_at", "user_id", "whitecard_id") VALUES ($1, $2, $3, $4, $5) RETURNING "id"  [["created_at", "2014-09-05 06:08:19.520558"], ["game_id", 1], ["updated_at", "2014-09-05 06:08:19.520558"], ["user_id", 2], ["whitecard_id", 2]]
  [1m[36m (0.4ms)[0m  [1mCOMMIT[0m
  [1m[35m (0.2ms)[0m  BEGIN
  [1m[36mSQL (0.3ms)[0m  [1mINSERT INTO "cards_in_plays" ("created_at", "game_id", "updated_at", "user_id", "whitecard_id") VALUES ($1, $2, $3, $4, $5) RETURNING "id"[0m  [["created_at", "2014-09-05 06:08:20.066751"], ["game_id", 1], ["updated_at", "2014-09-05 06:08:20.066751"], ["user_id", 3], ["whitecard_id", 3]]
  [1m[35m (0.5ms)[0m  COMMIT
  [1m[36m (0.1ms)[0m  [1mBEGIN[0m
  [1m[35mSQL (0.5ms)[0m  INSERT INTO "submissions" ("cards_in_play_id", "round_id") VALUES ($1, $2) RETURNING "id"  [["cards_in_play_id", 1], ["round_id", 1]]
  [1m[36m (1.1ms)[0m  [1mCOMMIT[0m
  [1m[35m (0.1ms)[0m  BEGIN
  [1m[36mSQL (0.2ms)[0m  [1mINSERT INTO "submissions" ("cards_in_play_id", "round_id") VALUES ($1, $2) RETURNING "id"[0m  [["cards_in_play_id", 2], ["round_id", 1]]
  [1m[35m (6.7ms)[0m  COMMIT
  [1m[36m (0.2ms)[0m  [1mBEGIN[0m
  [1m[35mSQL (0.3ms)[0m  INSERT INTO "submissions" ("cards_in_play_id", "round_id") VALUES ($1, $2) RETURNING "id"  [["cards_in_play_id", 3], ["round_id", 1]]
  [1m[36m (0.4ms)[0m  [1mCOMMIT[0m
  [1m[36m (3.5ms)[0m  [1mCREATE TABLE "schema_migrations" ("version" character varying(255) NOT NULL) [0m
  [1m[35m (1.4ms)[0m  CREATE UNIQUE INDEX  "unique_schema_migrations" ON "schema_migrations"  ("version")
  [1m[36mActiveRecord::SchemaMigration Load (0.3ms)[0m  [1mSELECT "schema_migrations".* FROM "schema_migrations"[0m
Migrating to CreateWhitecard (20140905004930)
  [1m[35m (0.1ms)[0m  BEGIN
  [1m[36m (2.7ms)[0m  [1mCREATE TABLE "whitecards" ("id" serial primary key, "content" character varying(255), "created_at" timestamp, "updated_at" timestamp) [0m
  [1m[35mSQL (0.5ms)[0m  INSERT INTO "schema_migrations" ("version") VALUES ($1)  [["version", "20140905004930"]]
  [1m[36m (5.6ms)[0m  [1mCOMMIT[0m
Migrating to CreateBlackcard (20140905005236)
  [1m[35m (0.3ms)[0m  BEGIN
  [1m[36m (3.2ms)[0m  [1mCREATE TABLE "blackcards" ("id" serial primary key, "content" text, "created_at" timestamp, "updated_at" timestamp) [0m
  [1m[35mSQL (0.2ms)[0m  INSERT INTO "schema_migrations" ("version") VALUES ($1)  [["version", "20140905005236"]]
  [1m[36m (1.8ms)[0m  [1mCOMMIT[0m
Migrating to CreateUser (20140905005329)
  [1m[35m (0.3ms)[0m  BEGIN
  [1m[36m (2.5ms)[0m  [1mCREATE TABLE "users" ("id" serial primary key, "name" character varying(30) NOT NULL, "email" character varying(255), "password" character varying(255), "created_at" timestamp, "updated_at" timestamp) [0m
  [1m[35mSQL (0.2ms)[0m  INSERT INTO "schema_migrations" ("version") VALUES ($1)  [["version", "20140905005329"]]
  [1m[36m (0.6ms)[0m  [1mCOMMIT[0m
Migrating to CreateRound (20140905005517)
  [1m[35m (0.3ms)[0m  BEGIN
  [1m[36m (3.0ms)[0m  [1mCREATE TABLE "rounds" ("id" serial primary key, "game_id" integer, "leader_id" integer, "round_num" integer, "blackcard_id" integer) [0m
  [1m[35mSQL (0.2ms)[0m  INSERT INTO "schema_migrations" ("version") VALUES ($1)  [["version", "20140905005517"]]
  [1m[36m (0.5ms)[0m  [1mCOMMIT[0m
Migrating to CreateGame (20140905005821)
  [1m[35m (0.2ms)[0m  BEGIN
  [1m[36m (2.5ms)[0m  [1mCREATE TABLE "games" ("id" serial primary key, "name" character varying(30)) [0m
  [1m[35mSQL (0.2ms)[0m  INSERT INTO "schema_migrations" ("version") VALUES ($1)  [["version", "20140905005821"]]
  [1m[36m (0.8ms)[0m  [1mCOMMIT[0m
Migrating to CreateCardsInPlay (20140905042014)
  [1m[35m (0.3ms)[0m  BEGIN
  [1m[36m (2.1ms)[0m  [1mCREATE TABLE "cards_in_plays" ("id" serial primary key, "user_id" integer, "game_id" integer, "whitecard_id" integer, "playable" boolean DEFAULT 't', "created_at" timestamp, "updated_at" timestamp) [0m
  [1m[35mSQL (0.2ms)[0m  INSERT INTO "schema_migrations" ("version") VALUES ($1)  [["version", "20140905042014"]]
  [1m[36m (0.5ms)[0m  [1mCOMMIT[0m
Migrating to CreateSubmission (20140905042020)
  [1m[35m (0.2ms)[0m  BEGIN
  [1m[36m (1.8ms)[0m  [1mCREATE TABLE "submissions" ("id" serial primary key, "round_id" integer, "cards_in_play_id" integer, "winner" boolean DEFAULT 'f') [0m
  [1m[35mSQL (0.1ms)[0m  INSERT INTO "schema_migrations" ("version") VALUES ($1)  [["version", "20140905042020"]]
  [1m[36m (0.5ms)[0m  [1mCOMMIT[0m
Migrating to CreateScores (20140905044433)
  [1m[35m (0.2ms)[0m  BEGIN
  [1m[36m (1.7ms)[0m  [1mCREATE TABLE "scores" ("id" serial primary key, "user_id" integer, "game_id" integer) [0m
  [1m[35mSQL (0.2ms)[0m  INSERT INTO "schema_migrations" ("version") VALUES ($1)  [["version", "20140905044433"]]
  [1m[36m (0.5ms)[0m  [1mCOMMIT[0m
  [1m[35mActiveRecord::SchemaMigration Load (0.2ms)[0m  SELECT "schema_migrations".* FROM "schema_migrations"
  [1m[36m (0.1ms)[0m  [1mBEGIN[0m
  [1m[35mSQL (0.9ms)[0m  INSERT INTO "games" ("name") VALUES ($1) RETURNING "id"  [["name", "New Game"]]
  [1m[36m (0.4ms)[0m  [1mCOMMIT[0m
  [1m[35m (0.2ms)[0m  BEGIN
  [1m[36mSQL (0.5ms)[0m  [1mINSERT INTO "users" ("created_at", "name", "updated_at") VALUES ($1, $2, $3) RETURNING "id"[0m  [["created_at", "2014-09-05 06:14:20.367213"], ["name", "Pat"], ["updated_at", "2014-09-05 06:14:20.367213"]]
  [1m[35m (0.3ms)[0m  COMMIT
  [1m[36m (0.2ms)[0m  [1mBEGIN[0m
  [1m[35mSQL (0.7ms)[0m  INSERT INTO "blackcards" ("content", "created_at", "updated_at") VALUES ($1, $2, $3) RETURNING "id"  [["content", "Where is my mind?"], ["created_at", "2014-09-05 06:14:20.381788"], ["updated_at", "2014-09-05 06:14:20.381788"]]
  [1m[36m (0.3ms)[0m  [1mCOMMIT[0m
  [1m[35m (0.1ms)[0m  BEGIN
  [1m[36mSQL (0.5ms)[0m  [1mINSERT INTO "rounds" ("blackcard_id", "game_id", "leader_id", "round_num") VALUES ($1, $2, $3, $4) RETURNING "id"[0m  [["blackcard_id", 1], ["game_id", 1], ["leader_id", 1], ["round_num", 1]]
  [1m[35m (0.3ms)[0m  COMMIT
  [1m[36m (0.2ms)[0m  [1mBEGIN[0m
  [1m[35mSQL (0.3ms)[0m  INSERT INTO "users" ("created_at", "name", "updated_at") VALUES ($1, $2, $3) RETURNING "id"  [["created_at", "2014-09-05 06:14:28.533757"], ["name", "Ian"], ["updated_at", "2014-09-05 06:14:28.533757"]]
  [1m[36m (1.8ms)[0m  [1mCOMMIT[0m
  [1m[35m (0.1ms)[0m  BEGIN
  [1m[36mSQL (0.2ms)[0m  [1mINSERT INTO "users" ("created_at", "name", "updated_at") VALUES ($1, $2, $3) RETURNING "id"[0m  [["created_at", "2014-09-05 06:14:28.538701"], ["name", "Cassidy"], ["updated_at", "2014-09-05 06:14:28.538701"]]
  [1m[35m (7.2ms)[0m  COMMIT
  [1m[36m (0.2ms)[0m  [1mBEGIN[0m
  [1m[35mSQL (0.6ms)[0m  INSERT INTO "whitecards" ("content", "created_at", "updated_at") VALUES ($1, $2, $3) RETURNING "id"  [["content", "meow"], ["created_at", "2014-09-05 06:14:28.555901"], ["updated_at", "2014-09-05 06:14:28.555901"]]
  [1m[36m (0.4ms)[0m  [1mCOMMIT[0m
  [1m[35m (0.1ms)[0m  BEGIN
  [1m[36mSQL (0.2ms)[0m  [1mINSERT INTO "whitecards" ("content", "created_at", "updated_at") VALUES ($1, $2, $3) RETURNING "id"[0m  [["content", "bark"], ["created_at", "2014-09-05 06:14:28.561292"], ["updated_at", "2014-09-05 06:14:28.561292"]]
  [1m[35m (0.4ms)[0m  COMMIT
  [1m[36m (0.1ms)[0m  [1mBEGIN[0m
  [1m[35mSQL (0.2ms)[0m  INSERT INTO "whitecards" ("content", "created_at", "updated_at") VALUES ($1, $2, $3) RETURNING "id"  [["content", "ribbet"], ["created_at", "2014-09-05 06:14:28.564356"], ["updated_at", "2014-09-05 06:14:28.564356"]]
  [1m[36m (0.4ms)[0m  [1mCOMMIT[0m
  [1m[35m (0.2ms)[0m  BEGIN
  [1m[36mSQL (0.7ms)[0m  [1mINSERT INTO "cards_in_plays" ("created_at", "game_id", "updated_at", "user_id", "whitecard_id") VALUES ($1, $2, $3, $4, $5) RETURNING "id"[0m  [["created_at", "2014-09-05 06:14:28.594160"], ["game_id", 1], ["updated_at", "2014-09-05 06:14:28.594160"], ["user_id", 2], ["whitecard_id", 1]]
  [1m[35m (0.3ms)[0m  COMMIT
  [1m[36m (0.1ms)[0m  [1mBEGIN[0m
  [1m[35mSQL (0.3ms)[0m  INSERT INTO "cards_in_plays" ("created_at", "game_id", "updated_at", "user_id", "whitecard_id") VALUES ($1, $2, $3, $4, $5) RETURNING "id"  [["created_at", "2014-09-05 06:14:28.601516"], ["game_id", 1], ["updated_at", "2014-09-05 06:14:28.601516"], ["user_id", 2], ["whitecard_id", 2]]
  [1m[36m (0.3ms)[0m  [1mCOMMIT[0m
  [1m[35m (0.2ms)[0m  BEGIN
  [1m[36mSQL (0.3ms)[0m  [1mINSERT INTO "cards_in_plays" ("created_at", "game_id", "updated_at", "user_id", "whitecard_id") VALUES ($1, $2, $3, $4, $5) RETURNING "id"[0m  [["created_at", "2014-09-05 06:14:28.811575"], ["game_id", 1], ["updated_at", "2014-09-05 06:14:28.811575"], ["user_id", 3], ["whitecard_id", 3]]
  [1m[35m (0.4ms)[0m  COMMIT
  [1m[36m (0.1ms)[0m  [1mBEGIN[0m
  [1m[35mSQL (0.5ms)[0m  INSERT INTO "submissions" ("cards_in_play_id", "round_id") VALUES ($1, $2) RETURNING "id"  [["cards_in_play_id", 1], ["round_id", 1]]
  [1m[36m (1.1ms)[0m  [1mCOMMIT[0m
  [1m[35m (0.1ms)[0m  BEGIN
  [1m[36mSQL (0.2ms)[0m  [1mINSERT INTO "submissions" ("cards_in_play_id", "round_id") VALUES ($1, $2) RETURNING "id"[0m  [["cards_in_play_id", 2], ["round_id", 1]]
  [1m[35m (7.0ms)[0m  COMMIT
  [1m[36m (0.2ms)[0m  [1mBEGIN[0m
  [1m[35mSQL (0.3ms)[0m  INSERT INTO "submissions" ("cards_in_play_id", "round_id") VALUES ($1, $2) RETURNING "id"  [["cards_in_play_id", 3], ["round_id", 1]]
  [1m[36m (0.4ms)[0m  [1mCOMMIT[0m
